{"/Users/mayank/code/github/parking-lot/config/db.js": {"path":"/Users/mayank/code/github/parking-lot/config/db.js","statementMap":{"0":{"start":{"line":1,"column":15},"end":{"line":16,"column":1}}},"fnMap":{},"branchMap":{"0":{"loc":{"start":{"line":18,"column":22},"end":{"line":18,"column":59}},"type":"binary-expr","locations":[{"start":{"line":18,"column":22},"end":{"line":18,"column":42}},{"start":{"line":18,"column":46},"end":{"line":18,"column":59}}],"line":18}},"s":{"0":2},"f":{},"b":{"0":[2,0]},"_coverageSchema":"43e27e138ebf9cfc5966b082cf9a028302ed4184","hash":"be863970a51731ac77e69aa43d15d7fe64466724"}
,"/Users/mayank/code/github/parking-lot/models/db.js": {"path":"/Users/mayank/code/github/parking-lot/models/db.js","statementMap":{"0":{"start":{"line":6,"column":8},"end":{"line":8,"column":9}},"1":{"start":{"line":9,"column":8},"end":{"line":9,"column":34}},"2":{"start":{"line":13,"column":8},"end":{"line":13,"column":48}},"3":{"start":{"line":17,"column":8},"end":{"line":17,"column":38}},"4":{"start":{"line":21,"column":8},"end":{"line":21,"column":40}},"5":{"start":{"line":25,"column":8},"end":{"line":25,"column":25}},"6":{"start":{"line":29,"column":8},"end":{"line":29,"column":34}},"7":{"start":{"line":32,"column":20},"end":{"line":32,"column":67}},"8":{"start":{"line":33,"column":21},"end":{"line":33,"column":59}},"9":{"start":{"line":34,"column":8},"end":{"line":34,"column":72}},"10":{"start":{"line":38,"column":20},"end":{"line":38,"column":61}},"11":{"start":{"line":39,"column":23},"end":{"line":39,"column":25}},"12":{"start":{"line":40,"column":8},"end":{"line":42,"column":9}},"13":{"start":{"line":41,"column":12},"end":{"line":41,"column":49}},"14":{"start":{"line":43,"column":8},"end":{"line":43,"column":39}},"15":{"start":{"line":44,"column":22},"end":{"line":44,"column":76}},"16":{"start":{"line":45,"column":18},"end":{"line":45,"column":20}},"17":{"start":{"line":46,"column":8},"end":{"line":48,"column":9}},"18":{"start":{"line":47,"column":12},"end":{"line":47,"column":44}},"19":{"start":{"line":49,"column":8},"end":{"line":49,"column":18}},"20":{"start":{"line":53,"column":8},"end":{"line":53,"column":55}},"21":{"start":{"line":57,"column":21},"end":{"line":57,"column":32}},"22":{"start":{"line":58,"column":8},"end":{"line":58,"column":22}},"23":{"start":{"line":59,"column":8},"end":{"line":59,"column":21}},"24":{"start":{"line":63,"column":19},"end":{"line":63,"column":39}},"25":{"start":{"line":64,"column":20},"end":{"line":64,"column":57}},"26":{"start":{"line":65,"column":21},"end":{"line":65,"column":64}},"27":{"start":{"line":66,"column":8},"end":{"line":66,"column":36}},"28":{"start":{"line":70,"column":8},"end":{"line":70,"column":77}}},"fnMap":{"0":{"name":"(anonymous_0)","decl":{"start":{"line":5,"column":4},"end":{"line":5,"column":5}},"loc":{"start":{"line":5,"column":27},"end":{"line":10,"column":5}},"line":5},"1":{"name":"(anonymous_1)","decl":{"start":{"line":12,"column":4},"end":{"line":12,"column":5}},"loc":{"start":{"line":12,"column":36},"end":{"line":14,"column":5}},"line":12},"2":{"name":"(anonymous_2)","decl":{"start":{"line":16,"column":4},"end":{"line":16,"column":5}},"loc":{"start":{"line":16,"column":26},"end":{"line":18,"column":5}},"line":16},"3":{"name":"(anonymous_3)","decl":{"start":{"line":20,"column":4},"end":{"line":20,"column":5}},"loc":{"start":{"line":20,"column":28},"end":{"line":22,"column":5}},"line":20},"4":{"name":"(anonymous_4)","decl":{"start":{"line":24,"column":4},"end":{"line":24,"column":5}},"loc":{"start":{"line":24,"column":12},"end":{"line":26,"column":5}},"line":24},"5":{"name":"(anonymous_5)","decl":{"start":{"line":28,"column":4},"end":{"line":28,"column":5}},"loc":{"start":{"line":28,"column":31},"end":{"line":30,"column":5}},"line":28},"6":{"name":"(anonymous_6)","decl":{"start":{"line":31,"column":4},"end":{"line":31,"column":5}},"loc":{"start":{"line":31,"column":33},"end":{"line":35,"column":5}},"line":31},"7":{"name":"(anonymous_7)","decl":{"start":{"line":37,"column":4},"end":{"line":37,"column":5}},"loc":{"start":{"line":37,"column":33},"end":{"line":50,"column":5}},"line":37},"8":{"name":"(anonymous_8)","decl":{"start":{"line":52,"column":4},"end":{"line":52,"column":5}},"loc":{"start":{"line":52,"column":36},"end":{"line":54,"column":5}},"line":52},"9":{"name":"(anonymous_9)","decl":{"start":{"line":56,"column":4},"end":{"line":56,"column":5}},"loc":{"start":{"line":56,"column":29},"end":{"line":60,"column":5}},"line":56},"10":{"name":"(anonymous_10)","decl":{"start":{"line":62,"column":4},"end":{"line":62,"column":5}},"loc":{"start":{"line":62,"column":17},"end":{"line":67,"column":5}},"line":62},"11":{"name":"(anonymous_11)","decl":{"start":{"line":69,"column":4},"end":{"line":69,"column":5}},"loc":{"start":{"line":69,"column":28},"end":{"line":71,"column":5}},"line":69}},"branchMap":{"0":{"loc":{"start":{"line":34,"column":14},"end":{"line":34,"column":72}},"type":"cond-expr","locations":[{"start":{"line":34,"column":36},"end":{"line":34,"column":65}},{"start":{"line":34,"column":68},"end":{"line":34,"column":72}}],"line":34}},"s":{"0":25,"1":25,"2":7,"3":4,"4":3,"5":24,"6":7,"7":1,"8":1,"9":1,"10":9,"11":9,"12":9,"13":9,"14":9,"15":9,"16":9,"17":9,"18":9,"19":9,"20":8,"21":10,"22":10,"23":10,"24":15,"25":15,"26":15,"27":13,"28":4},"f":{"0":25,"1":7,"2":4,"3":3,"4":24,"5":7,"6":1,"7":9,"8":8,"9":10,"10":15,"11":4},"b":{"0":[1,0]},"_coverageSchema":"43e27e138ebf9cfc5966b082cf9a028302ed4184","hash":"492e80441570f089da782533791915eb1d8cfada"}
,"/Users/mayank/code/github/parking-lot/models/parking-lot.js": {"path":"/Users/mayank/code/github/parking-lot/models/parking-lot.js","statementMap":{"0":{"start":{"line":15,"column":8},"end":{"line":15,"column":28}},"1":{"start":{"line":16,"column":8},"end":{"line":16,"column":27}},"2":{"start":{"line":20,"column":0},"end":{"line":20,"column":34}}},"fnMap":{"0":{"name":"(anonymous_0)","decl":{"start":{"line":14,"column":4},"end":{"line":14,"column":5}},"loc":{"start":{"line":14,"column":22},"end":{"line":17,"column":5}},"line":14}},"branchMap":{},"s":{"0":5,"1":5,"2":2},"f":{"0":5},"b":{},"_coverageSchema":"43e27e138ebf9cfc5966b082cf9a028302ed4184","hash":"cd01230c04c52fe7406c05d374d959d676ccc5d7"}
,"/Users/mayank/code/github/parking-lot/models/parking-slot.js": {"path":"/Users/mayank/code/github/parking-lot/models/parking-slot.js","statementMap":{"0":{"start":{"line":7,"column":15},"end":{"line":10,"column":1}},"1":{"start":{"line":23,"column":8},"end":{"line":23,"column":29}},"2":{"start":{"line":25,"column":8},"end":{"line":25,"column":27}},"3":{"start":{"line":26,"column":8},"end":{"line":26,"column":31}},"4":{"start":{"line":27,"column":8},"end":{"line":27,"column":31}},"5":{"start":{"line":28,"column":8},"end":{"line":28,"column":35}},"6":{"start":{"line":29,"column":8},"end":{"line":29,"column":26}},"7":{"start":{"line":30,"column":8},"end":{"line":30,"column":35}},"8":{"start":{"line":34,"column":8},"end":{"line":34,"column":21}},"9":{"start":{"line":38,"column":8},"end":{"line":38,"column":26}},"10":{"start":{"line":43,"column":0},"end":{"line":43,"column":36}}},"fnMap":{"0":{"name":"(anonymous_0)","decl":{"start":{"line":22,"column":4},"end":{"line":22,"column":5}},"loc":{"start":{"line":22,"column":49},"end":{"line":31,"column":5}},"line":22},"1":{"name":"(anonymous_1)","decl":{"start":{"line":33,"column":4},"end":{"line":33,"column":5}},"loc":{"start":{"line":33,"column":24},"end":{"line":35,"column":5}},"line":33},"2":{"name":"(anonymous_2)","decl":{"start":{"line":37,"column":4},"end":{"line":37,"column":5}},"loc":{"start":{"line":37,"column":19},"end":{"line":39,"column":5}},"line":37}},"branchMap":{},"s":{"0":2,"1":11,"2":11,"3":11,"4":11,"5":11,"6":11,"7":11,"8":8,"9":3,"10":2},"f":{"0":11,"1":8,"2":3},"b":{},"_coverageSchema":"43e27e138ebf9cfc5966b082cf9a028302ed4184","hash":"ea3e49791f7d6384f91b1a09cdb424dc20ae4a92"}
,"/Users/mayank/code/github/parking-lot/models/ticket.js": {"path":"/Users/mayank/code/github/parking-lot/models/ticket.js","statementMap":{"0":{"start":{"line":3,"column":15},"end":{"line":8,"column":1}},"1":{"start":{"line":20,"column":8},"end":{"line":20,"column":23}},"2":{"start":{"line":22,"column":8},"end":{"line":24,"column":9}},"3":{"start":{"line":23,"column":12},"end":{"line":23,"column":41}},"4":{"start":{"line":25,"column":8},"end":{"line":27,"column":9}},"5":{"start":{"line":26,"column":12},"end":{"line":26,"column":41}},"6":{"start":{"line":28,"column":8},"end":{"line":28,"column":35}},"7":{"start":{"line":29,"column":8},"end":{"line":29,"column":38}},"8":{"start":{"line":30,"column":8},"end":{"line":30,"column":53}},"9":{"start":{"line":34,"column":8},"end":{"line":34,"column":21}},"10":{"start":{"line":39,"column":0},"end":{"line":39,"column":25}}},"fnMap":{"0":{"name":"(anonymous_0)","decl":{"start":{"line":19,"column":4},"end":{"line":19,"column":5}},"loc":{"start":{"line":19,"column":45},"end":{"line":31,"column":5}},"line":19},"1":{"name":"(anonymous_1)","decl":{"start":{"line":33,"column":4},"end":{"line":33,"column":5}},"loc":{"start":{"line":33,"column":24},"end":{"line":35,"column":5}},"line":33}},"branchMap":{"0":{"loc":{"start":{"line":22,"column":8},"end":{"line":24,"column":9}},"type":"if","locations":[{"start":{"line":22,"column":8},"end":{"line":24,"column":9}},{"start":{"line":22,"column":8},"end":{"line":24,"column":9}}],"line":22},"1":{"loc":{"start":{"line":25,"column":8},"end":{"line":27,"column":9}},"type":"if","locations":[{"start":{"line":25,"column":8},"end":{"line":27,"column":9}},{"start":{"line":25,"column":8},"end":{"line":27,"column":9}}],"line":25}},"s":{"0":1,"1":2,"2":2,"3":2,"4":2,"5":2,"6":2,"7":2,"8":2,"9":4,"10":1},"f":{"0":2,"1":4},"b":{"0":[2,0],"1":[2,0]},"_coverageSchema":"43e27e138ebf9cfc5966b082cf9a028302ed4184","hash":"998102c3d0c78631106e468a95df941ed5aa05ac"}
,"/Users/mayank/code/github/parking-lot/models/vehicle.js": {"path":"/Users/mayank/code/github/parking-lot/models/vehicle.js","statementMap":{"0":{"start":{"line":14,"column":8},"end":{"line":14,"column":24}},"1":{"start":{"line":16,"column":8},"end":{"line":16,"column":25}},"2":{"start":{"line":17,"column":8},"end":{"line":17,"column":25}},"3":{"start":{"line":18,"column":8},"end":{"line":18,"column":29}},"4":{"start":{"line":23,"column":0},"end":{"line":23,"column":27}}},"fnMap":{"0":{"name":"(anonymous_0)","decl":{"start":{"line":13,"column":4},"end":{"line":13,"column":5}},"loc":{"start":{"line":13,"column":28},"end":{"line":19,"column":5}},"line":13}},"branchMap":{},"s":{"0":7,"1":7,"2":7,"3":7,"4":2},"f":{"0":7},"b":{},"_coverageSchema":"43e27e138ebf9cfc5966b082cf9a028302ed4184","hash":"78136c0e8a7ec231dc1ad772211650ccda4eca82"}
,"/Users/mayank/code/github/parking-lot/services/database.js": {"path":"/Users/mayank/code/github/parking-lot/services/database.js","statementMap":{"0":{"start":{"line":8,"column":8},"end":{"line":8,"column":58}},"1":{"start":{"line":12,"column":8},"end":{"line":16,"column":10}},"2":{"start":{"line":13,"column":12},"end":{"line":15,"column":14}},"3":{"start":{"line":14,"column":16},"end":{"line":14,"column":44}},"4":{"start":{"line":20,"column":8},"end":{"line":24,"column":10}},"5":{"start":{"line":21,"column":12},"end":{"line":23,"column":14}},"6":{"start":{"line":22,"column":16},"end":{"line":22,"column":38}},"7":{"start":{"line":28,"column":8},"end":{"line":32,"column":10}},"8":{"start":{"line":29,"column":12},"end":{"line":31,"column":14}},"9":{"start":{"line":30,"column":16},"end":{"line":30,"column":21}},"10":{"start":{"line":36,"column":8},"end":{"line":40,"column":10}},"11":{"start":{"line":37,"column":12},"end":{"line":39,"column":14}},"12":{"start":{"line":38,"column":16},"end":{"line":38,"column":38}},"13":{"start":{"line":44,"column":25},"end":{"line":44,"column":121}},"14":{"start":{"line":45,"column":8},"end":{"line":49,"column":9}},"15":{"start":{"line":46,"column":12},"end":{"line":48,"column":13}},"16":{"start":{"line":47,"column":16},"end":{"line":47,"column":43}}},"fnMap":{"0":{"name":"(anonymous_0)","decl":{"start":{"line":7,"column":4},"end":{"line":7,"column":5}},"loc":{"start":{"line":7,"column":18},"end":{"line":9,"column":5}},"line":7},"1":{"name":"(anonymous_1)","decl":{"start":{"line":11,"column":4},"end":{"line":11,"column":5}},"loc":{"start":{"line":11,"column":23},"end":{"line":17,"column":5}},"line":11},"2":{"name":"(anonymous_2)","decl":{"start":{"line":12,"column":27},"end":{"line":12,"column":28}},"loc":{"start":{"line":12,"column":41},"end":{"line":16,"column":9}},"line":12},"3":{"name":"(anonymous_3)","decl":{"start":{"line":13,"column":47},"end":{"line":13,"column":48}},"loc":{"start":{"line":13,"column":64},"end":{"line":15,"column":13}},"line":13},"4":{"name":"(anonymous_4)","decl":{"start":{"line":19,"column":4},"end":{"line":19,"column":5}},"loc":{"start":{"line":19,"column":23},"end":{"line":25,"column":5}},"line":19},"5":{"name":"(anonymous_5)","decl":{"start":{"line":20,"column":27},"end":{"line":20,"column":28}},"loc":{"start":{"line":20,"column":41},"end":{"line":24,"column":9}},"line":20},"6":{"name":"(anonymous_6)","decl":{"start":{"line":21,"column":46},"end":{"line":21,"column":47}},"loc":{"start":{"line":21,"column":53},"end":{"line":23,"column":13}},"line":21},"7":{"name":"(anonymous_7)","decl":{"start":{"line":27,"column":4},"end":{"line":27,"column":5}},"loc":{"start":{"line":27,"column":15},"end":{"line":33,"column":5}},"line":27},"8":{"name":"(anonymous_8)","decl":{"start":{"line":28,"column":27},"end":{"line":28,"column":28}},"loc":{"start":{"line":28,"column":34},"end":{"line":32,"column":9}},"line":28},"9":{"name":"(anonymous_9)","decl":{"start":{"line":29,"column":37},"end":{"line":29,"column":38}},"loc":{"start":{"line":29,"column":43},"end":{"line":31,"column":13}},"line":29},"10":{"name":"(anonymous_10)","decl":{"start":{"line":35,"column":4},"end":{"line":35,"column":5}},"loc":{"start":{"line":35,"column":13},"end":{"line":41,"column":5}},"line":35},"11":{"name":"(anonymous_11)","decl":{"start":{"line":36,"column":27},"end":{"line":36,"column":28}},"loc":{"start":{"line":36,"column":41},"end":{"line":40,"column":9}},"line":36},"12":{"name":"(anonymous_12)","decl":{"start":{"line":37,"column":36},"end":{"line":37,"column":37}},"loc":{"start":{"line":37,"column":43},"end":{"line":39,"column":13}},"line":37},"13":{"name":"(anonymous_13)","decl":{"start":{"line":43,"column":4},"end":{"line":43,"column":5}},"loc":{"start":{"line":43,"column":20},"end":{"line":50,"column":5}},"line":43}},"branchMap":{"0":{"loc":{"start":{"line":14,"column":16},"end":{"line":14,"column":44}},"type":"cond-expr","locations":[{"start":{"line":14,"column":22},"end":{"line":14,"column":30}},{"start":{"line":14,"column":33},"end":{"line":14,"column":44}}],"line":14},"1":{"loc":{"start":{"line":22,"column":16},"end":{"line":22,"column":38}},"type":"cond-expr","locations":[{"start":{"line":22,"column":22},"end":{"line":22,"column":30}},{"start":{"line":22,"column":33},"end":{"line":22,"column":38}}],"line":22},"2":{"loc":{"start":{"line":38,"column":16},"end":{"line":38,"column":38}},"type":"cond-expr","locations":[{"start":{"line":38,"column":22},"end":{"line":38,"column":30}},{"start":{"line":38,"column":33},"end":{"line":38,"column":38}}],"line":38},"3":{"loc":{"start":{"line":46,"column":12},"end":{"line":48,"column":13}},"type":"if","locations":[{"start":{"line":46,"column":12},"end":{"line":48,"column":13}},{"start":{"line":46,"column":12},"end":{"line":48,"column":13}}],"line":46}},"s":{"0":2,"1":50,"2":50,"3":50,"4":7,"5":7,"6":7,"7":3,"8":3,"9":3,"10":4,"11":4,"12":4,"13":2,"14":2,"15":18,"16":16},"f":{"0":2,"1":50,"2":50,"3":50,"4":7,"5":7,"6":7,"7":3,"8":3,"9":3,"10":4,"11":4,"12":4,"13":2},"b":{"0":[2,48],"1":[0,7],"2":[0,4],"3":[16,2]},"_coverageSchema":"43e27e138ebf9cfc5966b082cf9a028302ed4184","hash":"16b6c3be0c4ef82273f24acf30f347312aa8724a"}
,"/Users/mayank/code/github/parking-lot/services/parking-admin.js": {"path":"/Users/mayank/code/github/parking-lot/services/parking-admin.js","statementMap":{"0":{"start":{"line":9,"column":8},"end":{"line":9,"column":40}},"1":{"start":{"line":11,"column":8},"end":{"line":31,"column":9}},"2":{"start":{"line":12,"column":29},"end":{"line":12,"column":54}},"3":{"start":{"line":13,"column":12},"end":{"line":13,"column":35}},"4":{"start":{"line":15,"column":12},"end":{"line":24,"column":13}},"5":{"start":{"line":16,"column":16},"end":{"line":23,"column":17}},"6":{"start":{"line":17,"column":20},"end":{"line":22,"column":21}},"7":{"start":{"line":18,"column":24},"end":{"line":21,"column":25}},"8":{"start":{"line":19,"column":46},"end":{"line":19,"column":115}},"9":{"start":{"line":20,"column":28},"end":{"line":20,"column":52}},"10":{"start":{"line":25,"column":12},"end":{"line":25,"column":34}},"11":{"start":{"line":26,"column":12},"end":{"line":26,"column":37}},"12":{"start":{"line":29,"column":12},"end":{"line":29,"column":36}},"13":{"start":{"line":30,"column":12},"end":{"line":30,"column":51}},"14":{"start":{"line":35,"column":25},"end":{"line":35,"column":59}},"15":{"start":{"line":37,"column":20},"end":{"line":39,"column":23}},"16":{"start":{"line":41,"column":25},"end":{"line":41,"column":27}},"17":{"start":{"line":42,"column":8},"end":{"line":47,"column":9}},"18":{"start":{"line":43,"column":28},"end":{"line":43,"column":47}},"19":{"start":{"line":44,"column":12},"end":{"line":46,"column":13}},"20":{"start":{"line":45,"column":16},"end":{"line":45,"column":42}},"21":{"start":{"line":49,"column":25},"end":{"line":49,"column":27}},"22":{"start":{"line":51,"column":8},"end":{"line":59,"column":9}},"23":{"start":{"line":52,"column":27},"end":{"line":54,"column":23}},"24":{"start":{"line":56,"column":12},"end":{"line":58,"column":13}},"25":{"start":{"line":57,"column":16},"end":{"line":57,"column":53}},"26":{"start":{"line":61,"column":8},"end":{"line":64,"column":9}}},"fnMap":{"0":{"name":"(anonymous_0)","decl":{"start":{"line":8,"column":4},"end":{"line":8,"column":5}},"loc":{"start":{"line":8,"column":33},"end":{"line":32,"column":5}},"line":8},"1":{"name":"(anonymous_1)","decl":{"start":{"line":34,"column":4},"end":{"line":34,"column":5}},"loc":{"start":{"line":34,"column":28},"end":{"line":65,"column":5}},"line":34}},"branchMap":{"0":{"loc":{"start":{"line":15,"column":12},"end":{"line":24,"column":13}},"type":"if","locations":[{"start":{"line":15,"column":12},"end":{"line":24,"column":13}},{"start":{"line":15,"column":12},"end":{"line":24,"column":13}}],"line":15},"1":{"loc":{"start":{"line":17,"column":20},"end":{"line":22,"column":21}},"type":"if","locations":[{"start":{"line":17,"column":20},"end":{"line":22,"column":21}},{"start":{"line":17,"column":20},"end":{"line":22,"column":21}}],"line":17},"2":{"loc":{"start":{"line":44,"column":12},"end":{"line":46,"column":13}},"type":"if","locations":[{"start":{"line":44,"column":12},"end":{"line":46,"column":13}},{"start":{"line":44,"column":12},"end":{"line":46,"column":13}}],"line":44},"3":{"loc":{"start":{"line":51,"column":8},"end":{"line":59,"column":9}},"type":"if","locations":[{"start":{"line":51,"column":8},"end":{"line":59,"column":9}},{"start":{"line":51,"column":8},"end":{"line":59,"column":9}}],"line":51}},"s":{"0":4,"1":4,"2":4,"3":4,"4":3,"5":3,"6":3,"7":3,"8":6,"9":6,"10":2,"11":2,"12":2,"13":2,"14":1,"15":1,"16":1,"17":1,"18":3,"19":3,"20":1,"21":1,"22":1,"23":1,"24":1,"25":1,"26":1},"f":{"0":4,"1":1},"b":{"0":[3,0],"1":[3,0],"2":[1,2],"3":[1,0]},"_coverageSchema":"43e27e138ebf9cfc5966b082cf9a028302ed4184","hash":"82b3cbd296d70e92c4be88c6b83cd0b70df4d308"}
,"/Users/mayank/code/github/parking-lot/services/parking-manager.js": {"path":"/Users/mayank/code/github/parking-lot/services/parking-manager.js","statementMap":{"0":{"start":{"line":9,"column":20},"end":{"line":16,"column":9}},"1":{"start":{"line":17,"column":27},"end":{"line":17,"column":43}},"2":{"start":{"line":19,"column":8},"end":{"line":22,"column":9}},"3":{"start":{"line":20,"column":12},"end":{"line":20,"column":41}},"4":{"start":{"line":21,"column":12},"end":{"line":21,"column":43}},"5":{"start":{"line":24,"column":8},"end":{"line":27,"column":9}},"6":{"start":{"line":25,"column":12},"end":{"line":25,"column":43}},"7":{"start":{"line":26,"column":12},"end":{"line":26,"column":45}},"8":{"start":{"line":29,"column":8},"end":{"line":29,"column":55}},"9":{"start":{"line":33,"column":23},"end":{"line":35,"column":19}},"10":{"start":{"line":37,"column":22},"end":{"line":37,"column":26}},"11":{"start":{"line":38,"column":8},"end":{"line":44,"column":9}},"12":{"start":{"line":39,"column":12},"end":{"line":39,"column":33}},"13":{"start":{"line":42,"column":12},"end":{"line":42,"column":51}},"14":{"start":{"line":43,"column":12},"end":{"line":43,"column":32}},"15":{"start":{"line":46,"column":8},"end":{"line":83,"column":9}},"16":{"start":{"line":47,"column":12},"end":{"line":47,"column":44}},"17":{"start":{"line":49,"column":31},"end":{"line":63,"column":14}},"18":{"start":{"line":65,"column":12},"end":{"line":78,"column":13}},"19":{"start":{"line":66,"column":28},"end":{"line":68,"column":31}},"20":{"start":{"line":70,"column":29},"end":{"line":70,"column":72}},"21":{"start":{"line":71,"column":16},"end":{"line":71,"column":35}},"22":{"start":{"line":73,"column":16},"end":{"line":73,"column":38}},"23":{"start":{"line":74,"column":16},"end":{"line":74,"column":29}},"24":{"start":{"line":77,"column":16},"end":{"line":77,"column":57}},"25":{"start":{"line":81,"column":12},"end":{"line":81,"column":36}},"26":{"start":{"line":82,"column":12},"end":{"line":82,"column":53}},"27":{"start":{"line":87,"column":22},"end":{"line":89,"column":19}},"28":{"start":{"line":91,"column":8},"end":{"line":93,"column":9}},"29":{"start":{"line":92,"column":12},"end":{"line":92,"column":32}},"30":{"start":{"line":95,"column":21},"end":{"line":114,"column":14}},"31":{"start":{"line":116,"column":8},"end":{"line":134,"column":9}},"32":{"start":{"line":117,"column":12},"end":{"line":129,"column":14}},"33":{"start":{"line":130,"column":12},"end":{"line":130,"column":23}},"34":{"start":{"line":133,"column":12},"end":{"line":133,"column":47}}},"fnMap":{"0":{"name":"(anonymous_0)","decl":{"start":{"line":8,"column":4},"end":{"line":8,"column":5}},"loc":{"start":{"line":8,"column":39},"end":{"line":30,"column":5}},"line":8},"1":{"name":"(anonymous_1)","decl":{"start":{"line":32,"column":4},"end":{"line":32,"column":5}},"loc":{"start":{"line":32,"column":47},"end":{"line":84,"column":5}},"line":32},"2":{"name":"(anonymous_2)","decl":{"start":{"line":86,"column":4},"end":{"line":86,"column":5}},"loc":{"start":{"line":86,"column":52},"end":{"line":135,"column":5}},"line":86}},"branchMap":{"0":{"loc":{"start":{"line":19,"column":8},"end":{"line":22,"column":9}},"type":"if","locations":[{"start":{"line":19,"column":8},"end":{"line":22,"column":9}},{"start":{"line":19,"column":8},"end":{"line":22,"column":9}}],"line":19},"1":{"loc":{"start":{"line":24,"column":8},"end":{"line":27,"column":9}},"type":"if","locations":[{"start":{"line":24,"column":8},"end":{"line":27,"column":9}},{"start":{"line":24,"column":8},"end":{"line":27,"column":9}}],"line":24},"2":{"loc":{"start":{"line":38,"column":8},"end":{"line":44,"column":9}},"type":"if","locations":[{"start":{"line":38,"column":8},"end":{"line":44,"column":9}},{"start":{"line":38,"column":8},"end":{"line":44,"column":9}}],"line":38},"3":{"loc":{"start":{"line":65,"column":12},"end":{"line":78,"column":13}},"type":"if","locations":[{"start":{"line":65,"column":12},"end":{"line":78,"column":13}},{"start":{"line":65,"column":12},"end":{"line":78,"column":13}}],"line":65},"4":{"loc":{"start":{"line":91,"column":8},"end":{"line":93,"column":9}},"type":"if","locations":[{"start":{"line":91,"column":8},"end":{"line":93,"column":9}},{"start":{"line":91,"column":8},"end":{"line":93,"column":9}}],"line":91},"5":{"loc":{"start":{"line":116,"column":8},"end":{"line":134,"column":9}},"type":"if","locations":[{"start":{"line":116,"column":8},"end":{"line":134,"column":9}},{"start":{"line":116,"column":8},"end":{"line":134,"column":9}}],"line":116}},"s":{"0":2,"1":2,"2":2,"3":1,"4":1,"5":2,"6":1,"7":1,"8":2,"9":3,"10":3,"11":3,"12":1,"13":2,"14":2,"15":3,"16":3,"17":3,"18":3,"19":2,"20":2,"21":2,"22":2,"23":2,"24":1,"25":1,"26":1,"27":2,"28":2,"29":2,"30":2,"31":2,"32":1,"33":1,"34":1},"f":{"0":2,"1":3,"2":2},"b":{"0":[1,1],"1":[1,1],"2":[1,2],"3":[2,1],"4":[2,0],"5":[1,1]},"_coverageSchema":"43e27e138ebf9cfc5966b082cf9a028302ed4184","hash":"86ed23672551c54fbd516438b5d8c403b4079455"}
}
