{"/Users/mayank/code/github/parking-lot/config/db.js": {"path":"/Users/mayank/code/github/parking-lot/config/db.js","statementMap":{"0":{"start":{"line":1,"column":15},"end":{"line":16,"column":1}}},"fnMap":{},"branchMap":{"0":{"loc":{"start":{"line":18,"column":22},"end":{"line":18,"column":59}},"type":"binary-expr","locations":[{"start":{"line":18,"column":22},"end":{"line":18,"column":42}},{"start":{"line":18,"column":46},"end":{"line":18,"column":59}}],"line":18}},"s":{"0":2},"f":{},"b":{"0":[2,0]},"_coverageSchema":"43e27e138ebf9cfc5966b082cf9a028302ed4184","hash":"be863970a51731ac77e69aa43d15d7fe64466724"}
,"/Users/mayank/code/github/parking-lot/models/db.js": {"path":"/Users/mayank/code/github/parking-lot/models/db.js","statementMap":{"0":{"start":{"line":6,"column":8},"end":{"line":8,"column":9}},"1":{"start":{"line":9,"column":8},"end":{"line":9,"column":34}},"2":{"start":{"line":13,"column":8},"end":{"line":13,"column":48}},"3":{"start":{"line":17,"column":8},"end":{"line":17,"column":38}},"4":{"start":{"line":21,"column":8},"end":{"line":21,"column":40}},"5":{"start":{"line":25,"column":8},"end":{"line":25,"column":25}},"6":{"start":{"line":29,"column":8},"end":{"line":29,"column":34}},"7":{"start":{"line":32,"column":20},"end":{"line":32,"column":67}},"8":{"start":{"line":33,"column":21},"end":{"line":33,"column":59}},"9":{"start":{"line":34,"column":8},"end":{"line":34,"column":72}},"10":{"start":{"line":38,"column":20},"end":{"line":38,"column":61}},"11":{"start":{"line":39,"column":23},"end":{"line":39,"column":25}},"12":{"start":{"line":40,"column":8},"end":{"line":47,"column":9}},"13":{"start":{"line":41,"column":12},"end":{"line":46,"column":13}},"14":{"start":{"line":42,"column":16},"end":{"line":42,"column":56}},"15":{"start":{"line":45,"column":16},"end":{"line":45,"column":53}},"16":{"start":{"line":48,"column":8},"end":{"line":48,"column":39}},"17":{"start":{"line":49,"column":22},"end":{"line":49,"column":76}},"18":{"start":{"line":50,"column":18},"end":{"line":50,"column":20}},"19":{"start":{"line":51,"column":8},"end":{"line":53,"column":9}},"20":{"start":{"line":52,"column":12},"end":{"line":52,"column":44}},"21":{"start":{"line":54,"column":8},"end":{"line":54,"column":18}},"22":{"start":{"line":58,"column":8},"end":{"line":58,"column":55}},"23":{"start":{"line":62,"column":21},"end":{"line":62,"column":32}},"24":{"start":{"line":63,"column":8},"end":{"line":63,"column":22}},"25":{"start":{"line":64,"column":8},"end":{"line":64,"column":21}},"26":{"start":{"line":68,"column":19},"end":{"line":68,"column":39}},"27":{"start":{"line":69,"column":20},"end":{"line":69,"column":57}},"28":{"start":{"line":70,"column":21},"end":{"line":70,"column":64}},"29":{"start":{"line":71,"column":8},"end":{"line":71,"column":36}},"30":{"start":{"line":75,"column":8},"end":{"line":75,"column":77}}},"fnMap":{"0":{"name":"(anonymous_0)","decl":{"start":{"line":5,"column":4},"end":{"line":5,"column":5}},"loc":{"start":{"line":5,"column":27},"end":{"line":10,"column":5}},"line":5},"1":{"name":"(anonymous_1)","decl":{"start":{"line":12,"column":4},"end":{"line":12,"column":5}},"loc":{"start":{"line":12,"column":36},"end":{"line":14,"column":5}},"line":12},"2":{"name":"(anonymous_2)","decl":{"start":{"line":16,"column":4},"end":{"line":16,"column":5}},"loc":{"start":{"line":16,"column":26},"end":{"line":18,"column":5}},"line":16},"3":{"name":"(anonymous_3)","decl":{"start":{"line":20,"column":4},"end":{"line":20,"column":5}},"loc":{"start":{"line":20,"column":28},"end":{"line":22,"column":5}},"line":20},"4":{"name":"(anonymous_4)","decl":{"start":{"line":24,"column":4},"end":{"line":24,"column":5}},"loc":{"start":{"line":24,"column":12},"end":{"line":26,"column":5}},"line":24},"5":{"name":"(anonymous_5)","decl":{"start":{"line":28,"column":4},"end":{"line":28,"column":5}},"loc":{"start":{"line":28,"column":31},"end":{"line":30,"column":5}},"line":28},"6":{"name":"(anonymous_6)","decl":{"start":{"line":31,"column":4},"end":{"line":31,"column":5}},"loc":{"start":{"line":31,"column":33},"end":{"line":35,"column":5}},"line":31},"7":{"name":"(anonymous_7)","decl":{"start":{"line":37,"column":4},"end":{"line":37,"column":5}},"loc":{"start":{"line":37,"column":33},"end":{"line":55,"column":5}},"line":37},"8":{"name":"(anonymous_8)","decl":{"start":{"line":57,"column":4},"end":{"line":57,"column":5}},"loc":{"start":{"line":57,"column":36},"end":{"line":59,"column":5}},"line":57},"9":{"name":"(anonymous_9)","decl":{"start":{"line":61,"column":4},"end":{"line":61,"column":5}},"loc":{"start":{"line":61,"column":29},"end":{"line":65,"column":5}},"line":61},"10":{"name":"(anonymous_10)","decl":{"start":{"line":67,"column":4},"end":{"line":67,"column":5}},"loc":{"start":{"line":67,"column":17},"end":{"line":72,"column":5}},"line":67},"11":{"name":"(anonymous_11)","decl":{"start":{"line":74,"column":4},"end":{"line":74,"column":5}},"loc":{"start":{"line":74,"column":28},"end":{"line":76,"column":5}},"line":74}},"branchMap":{"0":{"loc":{"start":{"line":34,"column":14},"end":{"line":34,"column":72}},"type":"cond-expr","locations":[{"start":{"line":34,"column":36},"end":{"line":34,"column":65}},{"start":{"line":34,"column":68},"end":{"line":34,"column":72}}],"line":34},"1":{"loc":{"start":{"line":41,"column":12},"end":{"line":46,"column":13}},"type":"if","locations":[{"start":{"line":41,"column":12},"end":{"line":46,"column":13}},{"start":{"line":41,"column":12},"end":{"line":46,"column":13}}],"line":41}},"s":{"0":25,"1":25,"2":7,"3":4,"4":3,"5":28,"6":7,"7":2,"8":2,"9":2,"10":9,"11":9,"12":9,"13":9,"14":1,"15":8,"16":9,"17":9,"18":9,"19":9,"20":9,"21":9,"22":8,"23":10,"24":10,"25":10,"26":15,"27":15,"28":15,"29":13,"30":4},"f":{"0":25,"1":7,"2":4,"3":3,"4":28,"5":7,"6":2,"7":9,"8":8,"9":10,"10":15,"11":4},"b":{"0":[1,1],"1":[1,8]},"_coverageSchema":"43e27e138ebf9cfc5966b082cf9a028302ed4184","hash":"f272f75bf271e2fd7e948a79d7252043660fb94c"}
,"/Users/mayank/code/github/parking-lot/models/parking-lot.js": {"path":"/Users/mayank/code/github/parking-lot/models/parking-lot.js","statementMap":{"0":{"start":{"line":15,"column":8},"end":{"line":15,"column":28}},"1":{"start":{"line":16,"column":8},"end":{"line":16,"column":27}},"2":{"start":{"line":20,"column":0},"end":{"line":20,"column":34}}},"fnMap":{"0":{"name":"(anonymous_0)","decl":{"start":{"line":14,"column":4},"end":{"line":14,"column":5}},"loc":{"start":{"line":14,"column":22},"end":{"line":17,"column":5}},"line":14}},"branchMap":{},"s":{"0":5,"1":5,"2":2},"f":{"0":5},"b":{},"_coverageSchema":"43e27e138ebf9cfc5966b082cf9a028302ed4184","hash":"cd01230c04c52fe7406c05d374d959d676ccc5d7"}
,"/Users/mayank/code/github/parking-lot/models/parking-slot.js": {"path":"/Users/mayank/code/github/parking-lot/models/parking-slot.js","statementMap":{"0":{"start":{"line":7,"column":15},"end":{"line":10,"column":1}},"1":{"start":{"line":23,"column":8},"end":{"line":23,"column":29}},"2":{"start":{"line":25,"column":8},"end":{"line":25,"column":27}},"3":{"start":{"line":26,"column":8},"end":{"line":26,"column":31}},"4":{"start":{"line":27,"column":8},"end":{"line":27,"column":31}},"5":{"start":{"line":28,"column":8},"end":{"line":28,"column":35}},"6":{"start":{"line":29,"column":8},"end":{"line":29,"column":26}},"7":{"start":{"line":30,"column":8},"end":{"line":30,"column":35}},"8":{"start":{"line":34,"column":8},"end":{"line":34,"column":21}},"9":{"start":{"line":38,"column":8},"end":{"line":38,"column":29}},"10":{"start":{"line":42,"column":8},"end":{"line":42,"column":28}},"11":{"start":{"line":46,"column":8},"end":{"line":46,"column":26}},"12":{"start":{"line":51,"column":0},"end":{"line":51,"column":36}}},"fnMap":{"0":{"name":"(anonymous_0)","decl":{"start":{"line":22,"column":4},"end":{"line":22,"column":5}},"loc":{"start":{"line":22,"column":49},"end":{"line":31,"column":5}},"line":22},"1":{"name":"(anonymous_1)","decl":{"start":{"line":33,"column":4},"end":{"line":33,"column":5}},"loc":{"start":{"line":33,"column":24},"end":{"line":35,"column":5}},"line":33},"2":{"name":"(anonymous_2)","decl":{"start":{"line":37,"column":4},"end":{"line":37,"column":5}},"loc":{"start":{"line":37,"column":16},"end":{"line":39,"column":5}},"line":37},"3":{"name":"(anonymous_3)","decl":{"start":{"line":41,"column":4},"end":{"line":41,"column":5}},"loc":{"start":{"line":41,"column":17},"end":{"line":43,"column":5}},"line":41},"4":{"name":"(anonymous_4)","decl":{"start":{"line":45,"column":4},"end":{"line":45,"column":5}},"loc":{"start":{"line":45,"column":19},"end":{"line":47,"column":5}},"line":45}},"branchMap":{},"s":{"0":2,"1":11,"2":11,"3":11,"4":11,"5":11,"6":11,"7":11,"8":8,"9":3,"10":3,"11":3,"12":2},"f":{"0":11,"1":8,"2":3,"3":3,"4":3},"b":{},"_coverageSchema":"43e27e138ebf9cfc5966b082cf9a028302ed4184","hash":"0b10f819587eb861379bdd3d9e18c51fef0fedd4"}
,"/Users/mayank/code/github/parking-lot/models/ticket.js": {"path":"/Users/mayank/code/github/parking-lot/models/ticket.js","statementMap":{"0":{"start":{"line":3,"column":15},"end":{"line":8,"column":1}},"1":{"start":{"line":20,"column":8},"end":{"line":20,"column":23}},"2":{"start":{"line":22,"column":8},"end":{"line":24,"column":9}},"3":{"start":{"line":23,"column":12},"end":{"line":23,"column":41}},"4":{"start":{"line":25,"column":8},"end":{"line":27,"column":9}},"5":{"start":{"line":26,"column":12},"end":{"line":26,"column":41}},"6":{"start":{"line":28,"column":8},"end":{"line":28,"column":35}},"7":{"start":{"line":29,"column":8},"end":{"line":29,"column":38}},"8":{"start":{"line":30,"column":8},"end":{"line":30,"column":53}},"9":{"start":{"line":34,"column":8},"end":{"line":34,"column":21}},"10":{"start":{"line":39,"column":0},"end":{"line":39,"column":25}}},"fnMap":{"0":{"name":"(anonymous_0)","decl":{"start":{"line":19,"column":4},"end":{"line":19,"column":5}},"loc":{"start":{"line":19,"column":45},"end":{"line":31,"column":5}},"line":19},"1":{"name":"(anonymous_1)","decl":{"start":{"line":33,"column":4},"end":{"line":33,"column":5}},"loc":{"start":{"line":33,"column":24},"end":{"line":35,"column":5}},"line":33}},"branchMap":{"0":{"loc":{"start":{"line":22,"column":8},"end":{"line":24,"column":9}},"type":"if","locations":[{"start":{"line":22,"column":8},"end":{"line":24,"column":9}},{"start":{"line":22,"column":8},"end":{"line":24,"column":9}}],"line":22},"1":{"loc":{"start":{"line":25,"column":8},"end":{"line":27,"column":9}},"type":"if","locations":[{"start":{"line":25,"column":8},"end":{"line":27,"column":9}},{"start":{"line":25,"column":8},"end":{"line":27,"column":9}}],"line":25}},"s":{"0":1,"1":2,"2":2,"3":2,"4":2,"5":2,"6":2,"7":2,"8":2,"9":4,"10":1},"f":{"0":2,"1":4},"b":{"0":[2,0],"1":[2,0]},"_coverageSchema":"43e27e138ebf9cfc5966b082cf9a028302ed4184","hash":"998102c3d0c78631106e468a95df941ed5aa05ac"}
,"/Users/mayank/code/github/parking-lot/models/vehicle.js": {"path":"/Users/mayank/code/github/parking-lot/models/vehicle.js","statementMap":{"0":{"start":{"line":14,"column":8},"end":{"line":14,"column":24}},"1":{"start":{"line":16,"column":8},"end":{"line":16,"column":25}},"2":{"start":{"line":17,"column":8},"end":{"line":17,"column":25}},"3":{"start":{"line":18,"column":8},"end":{"line":18,"column":29}},"4":{"start":{"line":22,"column":8},"end":{"line":22,"column":26}},"5":{"start":{"line":26,"column":8},"end":{"line":26,"column":28}},"6":{"start":{"line":31,"column":0},"end":{"line":31,"column":27}}},"fnMap":{"0":{"name":"(anonymous_0)","decl":{"start":{"line":13,"column":4},"end":{"line":13,"column":5}},"loc":{"start":{"line":13,"column":28},"end":{"line":19,"column":5}},"line":13},"1":{"name":"(anonymous_1)","decl":{"start":{"line":21,"column":4},"end":{"line":21,"column":5}},"loc":{"start":{"line":21,"column":19},"end":{"line":23,"column":5}},"line":21},"2":{"name":"(anonymous_2)","decl":{"start":{"line":25,"column":4},"end":{"line":25,"column":5}},"loc":{"start":{"line":25,"column":22},"end":{"line":27,"column":5}},"line":25}},"branchMap":{},"s":{"0":7,"1":7,"2":7,"3":7,"4":1,"5":1,"6":2},"f":{"0":7,"1":1,"2":1},"b":{},"_coverageSchema":"43e27e138ebf9cfc5966b082cf9a028302ed4184","hash":"0a38b9be41657200dab27d871dcc146cf82a8d47"}
,"/Users/mayank/code/github/parking-lot/services/database.js": {"path":"/Users/mayank/code/github/parking-lot/services/database.js","statementMap":{"0":{"start":{"line":8,"column":8},"end":{"line":8,"column":58}},"1":{"start":{"line":12,"column":8},"end":{"line":16,"column":10}},"2":{"start":{"line":13,"column":12},"end":{"line":15,"column":14}},"3":{"start":{"line":14,"column":16},"end":{"line":14,"column":44}},"4":{"start":{"line":20,"column":8},"end":{"line":24,"column":10}},"5":{"start":{"line":21,"column":12},"end":{"line":23,"column":14}},"6":{"start":{"line":22,"column":16},"end":{"line":22,"column":38}},"7":{"start":{"line":28,"column":8},"end":{"line":32,"column":10}},"8":{"start":{"line":29,"column":12},"end":{"line":31,"column":14}},"9":{"start":{"line":30,"column":16},"end":{"line":30,"column":21}},"10":{"start":{"line":36,"column":8},"end":{"line":40,"column":10}},"11":{"start":{"line":37,"column":12},"end":{"line":39,"column":14}},"12":{"start":{"line":38,"column":16},"end":{"line":38,"column":38}},"13":{"start":{"line":44,"column":25},"end":{"line":44,"column":121}},"14":{"start":{"line":45,"column":8},"end":{"line":49,"column":9}},"15":{"start":{"line":46,"column":12},"end":{"line":48,"column":13}},"16":{"start":{"line":47,"column":16},"end":{"line":47,"column":43}}},"fnMap":{"0":{"name":"(anonymous_0)","decl":{"start":{"line":7,"column":4},"end":{"line":7,"column":5}},"loc":{"start":{"line":7,"column":18},"end":{"line":9,"column":5}},"line":7},"1":{"name":"(anonymous_1)","decl":{"start":{"line":11,"column":4},"end":{"line":11,"column":5}},"loc":{"start":{"line":11,"column":23},"end":{"line":17,"column":5}},"line":11},"2":{"name":"(anonymous_2)","decl":{"start":{"line":12,"column":27},"end":{"line":12,"column":28}},"loc":{"start":{"line":12,"column":41},"end":{"line":16,"column":9}},"line":12},"3":{"name":"(anonymous_3)","decl":{"start":{"line":13,"column":47},"end":{"line":13,"column":48}},"loc":{"start":{"line":13,"column":64},"end":{"line":15,"column":13}},"line":13},"4":{"name":"(anonymous_4)","decl":{"start":{"line":19,"column":4},"end":{"line":19,"column":5}},"loc":{"start":{"line":19,"column":23},"end":{"line":25,"column":5}},"line":19},"5":{"name":"(anonymous_5)","decl":{"start":{"line":20,"column":27},"end":{"line":20,"column":28}},"loc":{"start":{"line":20,"column":41},"end":{"line":24,"column":9}},"line":20},"6":{"name":"(anonymous_6)","decl":{"start":{"line":21,"column":46},"end":{"line":21,"column":47}},"loc":{"start":{"line":21,"column":53},"end":{"line":23,"column":13}},"line":21},"7":{"name":"(anonymous_7)","decl":{"start":{"line":27,"column":4},"end":{"line":27,"column":5}},"loc":{"start":{"line":27,"column":15},"end":{"line":33,"column":5}},"line":27},"8":{"name":"(anonymous_8)","decl":{"start":{"line":28,"column":27},"end":{"line":28,"column":28}},"loc":{"start":{"line":28,"column":34},"end":{"line":32,"column":9}},"line":28},"9":{"name":"(anonymous_9)","decl":{"start":{"line":29,"column":37},"end":{"line":29,"column":38}},"loc":{"start":{"line":29,"column":43},"end":{"line":31,"column":13}},"line":29},"10":{"name":"(anonymous_10)","decl":{"start":{"line":35,"column":4},"end":{"line":35,"column":5}},"loc":{"start":{"line":35,"column":13},"end":{"line":41,"column":5}},"line":35},"11":{"name":"(anonymous_11)","decl":{"start":{"line":36,"column":27},"end":{"line":36,"column":28}},"loc":{"start":{"line":36,"column":41},"end":{"line":40,"column":9}},"line":36},"12":{"name":"(anonymous_12)","decl":{"start":{"line":37,"column":36},"end":{"line":37,"column":37}},"loc":{"start":{"line":37,"column":43},"end":{"line":39,"column":13}},"line":37},"13":{"name":"(anonymous_13)","decl":{"start":{"line":43,"column":4},"end":{"line":43,"column":5}},"loc":{"start":{"line":43,"column":20},"end":{"line":50,"column":5}},"line":43}},"branchMap":{"0":{"loc":{"start":{"line":14,"column":16},"end":{"line":14,"column":44}},"type":"cond-expr","locations":[{"start":{"line":14,"column":22},"end":{"line":14,"column":30}},{"start":{"line":14,"column":33},"end":{"line":14,"column":44}}],"line":14},"1":{"loc":{"start":{"line":22,"column":16},"end":{"line":22,"column":38}},"type":"cond-expr","locations":[{"start":{"line":22,"column":22},"end":{"line":22,"column":30}},{"start":{"line":22,"column":33},"end":{"line":22,"column":38}}],"line":22},"2":{"loc":{"start":{"line":38,"column":16},"end":{"line":38,"column":38}},"type":"cond-expr","locations":[{"start":{"line":38,"column":22},"end":{"line":38,"column":30}},{"start":{"line":38,"column":33},"end":{"line":38,"column":38}}],"line":38},"3":{"loc":{"start":{"line":46,"column":12},"end":{"line":48,"column":13}},"type":"if","locations":[{"start":{"line":46,"column":12},"end":{"line":48,"column":13}},{"start":{"line":46,"column":12},"end":{"line":48,"column":13}}],"line":46}},"s":{"0":2,"1":51,"2":51,"3":51,"4":7,"5":7,"6":7,"7":3,"8":3,"9":3,"10":4,"11":4,"12":4,"13":2,"14":2,"15":18,"16":16},"f":{"0":2,"1":51,"2":51,"3":51,"4":7,"5":7,"6":7,"7":3,"8":3,"9":3,"10":4,"11":4,"12":4,"13":2},"b":{"0":[2,49],"1":[0,7],"2":[0,4],"3":[16,2]},"_coverageSchema":"43e27e138ebf9cfc5966b082cf9a028302ed4184","hash":"16b6c3be0c4ef82273f24acf30f347312aa8724a"}
,"/Users/mayank/code/github/parking-lot/services/parking-admin.js": {"path":"/Users/mayank/code/github/parking-lot/services/parking-admin.js","statementMap":{"0":{"start":{"line":9,"column":8},"end":{"line":9,"column":40}},"1":{"start":{"line":11,"column":8},"end":{"line":31,"column":9}},"2":{"start":{"line":12,"column":29},"end":{"line":12,"column":54}},"3":{"start":{"line":13,"column":12},"end":{"line":13,"column":35}},"4":{"start":{"line":15,"column":12},"end":{"line":24,"column":13}},"5":{"start":{"line":16,"column":16},"end":{"line":23,"column":17}},"6":{"start":{"line":17,"column":20},"end":{"line":22,"column":21}},"7":{"start":{"line":18,"column":24},"end":{"line":21,"column":25}},"8":{"start":{"line":19,"column":46},"end":{"line":19,"column":115}},"9":{"start":{"line":20,"column":28},"end":{"line":20,"column":52}},"10":{"start":{"line":25,"column":12},"end":{"line":25,"column":34}},"11":{"start":{"line":26,"column":12},"end":{"line":26,"column":37}},"12":{"start":{"line":29,"column":12},"end":{"line":29,"column":36}},"13":{"start":{"line":30,"column":12},"end":{"line":30,"column":51}},"14":{"start":{"line":35,"column":25},"end":{"line":35,"column":59}},"15":{"start":{"line":37,"column":8},"end":{"line":39,"column":9}},"16":{"start":{"line":38,"column":12},"end":{"line":38,"column":55}},"17":{"start":{"line":41,"column":20},"end":{"line":43,"column":23}},"18":{"start":{"line":45,"column":25},"end":{"line":45,"column":27}},"19":{"start":{"line":46,"column":22},"end":{"line":46,"column":24}},"20":{"start":{"line":48,"column":8},"end":{"line":59,"column":9}},"21":{"start":{"line":50,"column":28},"end":{"line":50,"column":47}},"22":{"start":{"line":51,"column":12},"end":{"line":53,"column":13}},"23":{"start":{"line":52,"column":16},"end":{"line":52,"column":52}},"24":{"start":{"line":55,"column":12},"end":{"line":58,"column":13}},"25":{"start":{"line":61,"column":25},"end":{"line":61,"column":48}},"26":{"start":{"line":63,"column":8},"end":{"line":74,"column":9}},"27":{"start":{"line":64,"column":27},"end":{"line":66,"column":23}},"28":{"start":{"line":68,"column":12},"end":{"line":73,"column":13}},"29":{"start":{"line":69,"column":29},"end":{"line":69,"column":56}},"30":{"start":{"line":71,"column":16},"end":{"line":71,"column":67}},"31":{"start":{"line":72,"column":16},"end":{"line":72,"column":73}},"32":{"start":{"line":76,"column":8},"end":{"line":76,"column":37}}},"fnMap":{"0":{"name":"(anonymous_0)","decl":{"start":{"line":8,"column":4},"end":{"line":8,"column":5}},"loc":{"start":{"line":8,"column":33},"end":{"line":32,"column":5}},"line":8},"1":{"name":"(anonymous_1)","decl":{"start":{"line":34,"column":4},"end":{"line":34,"column":5}},"loc":{"start":{"line":34,"column":28},"end":{"line":77,"column":5}},"line":34}},"branchMap":{"0":{"loc":{"start":{"line":15,"column":12},"end":{"line":24,"column":13}},"type":"if","locations":[{"start":{"line":15,"column":12},"end":{"line":24,"column":13}},{"start":{"line":15,"column":12},"end":{"line":24,"column":13}}],"line":15},"1":{"loc":{"start":{"line":17,"column":20},"end":{"line":22,"column":21}},"type":"if","locations":[{"start":{"line":17,"column":20},"end":{"line":22,"column":21}},{"start":{"line":17,"column":20},"end":{"line":22,"column":21}}],"line":17},"2":{"loc":{"start":{"line":37,"column":8},"end":{"line":39,"column":9}},"type":"if","locations":[{"start":{"line":37,"column":8},"end":{"line":39,"column":9}},{"start":{"line":37,"column":8},"end":{"line":39,"column":9}}],"line":37},"3":{"loc":{"start":{"line":51,"column":12},"end":{"line":53,"column":13}},"type":"if","locations":[{"start":{"line":51,"column":12},"end":{"line":53,"column":13}},{"start":{"line":51,"column":12},"end":{"line":53,"column":13}}],"line":51},"4":{"loc":{"start":{"line":63,"column":8},"end":{"line":74,"column":9}},"type":"if","locations":[{"start":{"line":63,"column":8},"end":{"line":74,"column":9}},{"start":{"line":63,"column":8},"end":{"line":74,"column":9}}],"line":63}},"s":{"0":4,"1":4,"2":4,"3":4,"4":3,"5":3,"6":3,"7":3,"8":6,"9":6,"10":2,"11":2,"12":2,"13":2,"14":2,"15":2,"16":1,"17":1,"18":1,"19":1,"20":1,"21":3,"22":3,"23":1,"24":3,"25":1,"26":1,"27":1,"28":1,"29":1,"30":1,"31":1,"32":1},"f":{"0":4,"1":2},"b":{"0":[3,0],"1":[3,0],"2":[1,1],"3":[1,2],"4":[1,0]},"_coverageSchema":"43e27e138ebf9cfc5966b082cf9a028302ed4184","hash":"2487b9918787ab5eb0216a4314f66de060442967"}
,"/Users/mayank/code/github/parking-lot/services/parking-manager.js": {"path":"/Users/mayank/code/github/parking-lot/services/parking-manager.js","statementMap":{"0":{"start":{"line":9,"column":20},"end":{"line":17,"column":9}},"1":{"start":{"line":18,"column":27},"end":{"line":18,"column":43}},"2":{"start":{"line":20,"column":8},"end":{"line":23,"column":9}},"3":{"start":{"line":21,"column":12},"end":{"line":21,"column":41}},"4":{"start":{"line":22,"column":12},"end":{"line":22,"column":43}},"5":{"start":{"line":25,"column":8},"end":{"line":28,"column":9}},"6":{"start":{"line":26,"column":12},"end":{"line":26,"column":43}},"7":{"start":{"line":27,"column":12},"end":{"line":27,"column":45}},"8":{"start":{"line":30,"column":26},"end":{"line":30,"column":66}},"9":{"start":{"line":31,"column":22},"end":{"line":31,"column":24}},"10":{"start":{"line":32,"column":8},"end":{"line":39,"column":9}},"11":{"start":{"line":33,"column":12},"end":{"line":38,"column":14}},"12":{"start":{"line":40,"column":8},"end":{"line":40,"column":22}},"13":{"start":{"line":44,"column":23},"end":{"line":46,"column":19}},"14":{"start":{"line":48,"column":22},"end":{"line":48,"column":26}},"15":{"start":{"line":49,"column":8},"end":{"line":55,"column":9}},"16":{"start":{"line":50,"column":12},"end":{"line":50,"column":33}},"17":{"start":{"line":53,"column":12},"end":{"line":53,"column":51}},"18":{"start":{"line":54,"column":12},"end":{"line":54,"column":32}},"19":{"start":{"line":57,"column":8},"end":{"line":97,"column":9}},"20":{"start":{"line":58,"column":12},"end":{"line":58,"column":44}},"21":{"start":{"line":60,"column":31},"end":{"line":74,"column":14}},"22":{"start":{"line":76,"column":12},"end":{"line":92,"column":13}},"23":{"start":{"line":77,"column":28},"end":{"line":79,"column":31}},"24":{"start":{"line":81,"column":29},"end":{"line":81,"column":72}},"25":{"start":{"line":82,"column":16},"end":{"line":82,"column":35}},"26":{"start":{"line":84,"column":16},"end":{"line":84,"column":38}},"27":{"start":{"line":85,"column":16},"end":{"line":88,"column":17}},"28":{"start":{"line":91,"column":16},"end":{"line":91,"column":57}},"29":{"start":{"line":95,"column":12},"end":{"line":95,"column":36}},"30":{"start":{"line":96,"column":12},"end":{"line":96,"column":53}},"31":{"start":{"line":101,"column":22},"end":{"line":103,"column":19}},"32":{"start":{"line":105,"column":8},"end":{"line":107,"column":9}},"33":{"start":{"line":106,"column":12},"end":{"line":106,"column":32}},"34":{"start":{"line":109,"column":21},"end":{"line":128,"column":14}},"35":{"start":{"line":130,"column":8},"end":{"line":148,"column":9}},"36":{"start":{"line":131,"column":12},"end":{"line":143,"column":14}},"37":{"start":{"line":144,"column":12},"end":{"line":144,"column":23}},"38":{"start":{"line":147,"column":12},"end":{"line":147,"column":47}}},"fnMap":{"0":{"name":"(anonymous_0)","decl":{"start":{"line":8,"column":4},"end":{"line":8,"column":5}},"loc":{"start":{"line":8,"column":39},"end":{"line":41,"column":5}},"line":8},"1":{"name":"(anonymous_1)","decl":{"start":{"line":43,"column":4},"end":{"line":43,"column":5}},"loc":{"start":{"line":43,"column":47},"end":{"line":98,"column":5}},"line":43},"2":{"name":"(anonymous_2)","decl":{"start":{"line":100,"column":4},"end":{"line":100,"column":5}},"loc":{"start":{"line":100,"column":52},"end":{"line":149,"column":5}},"line":100}},"branchMap":{"0":{"loc":{"start":{"line":20,"column":8},"end":{"line":23,"column":9}},"type":"if","locations":[{"start":{"line":20,"column":8},"end":{"line":23,"column":9}},{"start":{"line":20,"column":8},"end":{"line":23,"column":9}}],"line":20},"1":{"loc":{"start":{"line":25,"column":8},"end":{"line":28,"column":9}},"type":"if","locations":[{"start":{"line":25,"column":8},"end":{"line":28,"column":9}},{"start":{"line":25,"column":8},"end":{"line":28,"column":9}}],"line":25},"2":{"loc":{"start":{"line":49,"column":8},"end":{"line":55,"column":9}},"type":"if","locations":[{"start":{"line":49,"column":8},"end":{"line":55,"column":9}},{"start":{"line":49,"column":8},"end":{"line":55,"column":9}}],"line":49},"3":{"loc":{"start":{"line":76,"column":12},"end":{"line":92,"column":13}},"type":"if","locations":[{"start":{"line":76,"column":12},"end":{"line":92,"column":13}},{"start":{"line":76,"column":12},"end":{"line":92,"column":13}}],"line":76},"4":{"loc":{"start":{"line":105,"column":8},"end":{"line":107,"column":9}},"type":"if","locations":[{"start":{"line":105,"column":8},"end":{"line":107,"column":9}},{"start":{"line":105,"column":8},"end":{"line":107,"column":9}}],"line":105},"5":{"loc":{"start":{"line":130,"column":8},"end":{"line":148,"column":9}},"type":"if","locations":[{"start":{"line":130,"column":8},"end":{"line":148,"column":9}},{"start":{"line":130,"column":8},"end":{"line":148,"column":9}}],"line":130}},"s":{"0":2,"1":2,"2":2,"3":1,"4":1,"5":2,"6":1,"7":1,"8":2,"9":2,"10":2,"11":2,"12":2,"13":3,"14":3,"15":3,"16":1,"17":2,"18":2,"19":3,"20":3,"21":3,"22":3,"23":2,"24":2,"25":2,"26":2,"27":2,"28":1,"29":1,"30":1,"31":2,"32":2,"33":2,"34":2,"35":2,"36":1,"37":1,"38":1},"f":{"0":2,"1":3,"2":2},"b":{"0":[1,1],"1":[1,1],"2":[1,2],"3":[2,1],"4":[2,0],"5":[1,1]},"_coverageSchema":"43e27e138ebf9cfc5966b082cf9a028302ed4184","hash":"a10abf2ed19c749eb093b7605889a41d79b57727"}
}
