TN:
SF:/Users/mayank/code/github/parking-lot/models/db.js
FN:5,(anonymous_0)
FN:12,(anonymous_1)
FN:16,(anonymous_2)
FN:20,(anonymous_3)
FN:24,(anonymous_4)
FN:28,(anonymous_5)
FN:31,(anonymous_6)
FN:37,(anonymous_7)
FN:52,(anonymous_8)
FN:56,(anonymous_9)
FN:62,(anonymous_10)
FN:69,(anonymous_11)
FNF:12
FNH:12
FNDA:19,(anonymous_0)
FNDA:5,(anonymous_1)
FNDA:3,(anonymous_2)
FNDA:2,(anonymous_3)
FNDA:18,(anonymous_4)
FNDA:6,(anonymous_5)
FNDA:1,(anonymous_6)
FNDA:6,(anonymous_7)
FNDA:6,(anonymous_8)
FNDA:8,(anonymous_9)
FNDA:11,(anonymous_10)
FNDA:3,(anonymous_11)
DA:6,19
DA:9,19
DA:13,5
DA:17,3
DA:21,2
DA:25,18
DA:29,6
DA:32,1
DA:33,1
DA:34,1
DA:38,6
DA:39,6
DA:40,6
DA:41,6
DA:43,6
DA:44,6
DA:45,6
DA:46,6
DA:47,7
DA:49,6
DA:53,6
DA:57,8
DA:58,8
DA:59,8
DA:63,11
DA:64,11
DA:65,11
DA:66,9
DA:70,3
LF:29
LH:29
BRDA:34,0,0,1
BRDA:34,0,1,0
BRF:2
BRH:1
end_of_record
TN:
SF:/Users/mayank/code/github/parking-lot/models/parking-lot.js
FN:14,(anonymous_0)
FNF:1
FNH:1
FNDA:4,(anonymous_0)
DA:15,4
DA:16,4
DA:20,1
LF:3
LH:3
BRF:0
BRH:0
end_of_record
TN:
SF:/Users/mayank/code/github/parking-lot/models/parking-slot.js
FN:22,(anonymous_0)
FN:33,(anonymous_1)
FN:37,(anonymous_2)
FNF:3
FNH:3
FNDA:10,(anonymous_0)
FNDA:5,(anonymous_1)
FNDA:3,(anonymous_2)
DA:7,2
DA:23,10
DA:25,10
DA:26,10
DA:27,10
DA:28,10
DA:29,10
DA:30,10
DA:34,5
DA:38,3
DA:43,2
LF:11
LH:11
BRF:0
BRH:0
end_of_record
TN:
SF:/Users/mayank/code/github/parking-lot/models/ticket.js
FN:19,(anonymous_0)
FN:33,(anonymous_1)
FN:37,(anonymous_2)
FNF:3
FNH:2
FNDA:2,(anonymous_0)
FNDA:0,(anonymous_1)
FNDA:2,(anonymous_2)
DA:3,1
DA:20,2
DA:22,2
DA:23,2
DA:25,2
DA:26,2
DA:28,2
DA:29,2
DA:30,2
DA:34,0
DA:38,2
DA:43,1
LF:12
LH:11
BRDA:22,0,0,2
BRDA:22,0,1,0
BRDA:25,1,0,2
BRDA:25,1,1,0
BRF:4
BRH:2
end_of_record
TN:
SF:/Users/mayank/code/github/parking-lot/models/vehicle.js
FN:13,(anonymous_0)
FNF:1
FNH:1
FNDA:3,(anonymous_0)
DA:14,3
DA:16,3
DA:17,3
DA:18,3
DA:23,2
LF:5
LH:5
BRF:0
BRH:0
end_of_record
TN:
SF:/Users/mayank/code/github/parking-lot/services/database.js
FN:5,(anonymous_0)
FN:15,(anonymous_1)
FN:16,(anonymous_2)
FN:17,(anonymous_3)
FN:23,(anonymous_4)
FN:24,(anonymous_5)
FN:25,(anonymous_6)
FN:31,(anonymous_7)
FN:32,(anonymous_8)
FN:33,(anonymous_9)
FN:39,(anonymous_10)
FN:40,(anonymous_11)
FN:41,(anonymous_12)
FNF:13
FNH:13
FNDA:2,(anonymous_0)
FNDA:24,(anonymous_1)
FNDA:24,(anonymous_2)
FNDA:24,(anonymous_3)
FNDA:5,(anonymous_4)
FNDA:5,(anonymous_5)
FNDA:5,(anonymous_6)
FNDA:2,(anonymous_7)
FNDA:2,(anonymous_8)
FNDA:2,(anonymous_9)
FNDA:3,(anonymous_10)
FNDA:3,(anonymous_11)
FNDA:3,(anonymous_12)
DA:6,2
DA:16,24
DA:17,24
DA:18,24
DA:24,5
DA:25,5
DA:26,5
DA:32,2
DA:33,2
DA:34,2
DA:40,3
DA:41,3
DA:42,3
LF:13
LH:13
BRDA:7,0,0,2
BRDA:7,0,1,2
BRDA:8,1,0,2
BRDA:8,1,1,2
BRDA:9,2,0,2
BRDA:9,2,1,2
BRDA:11,3,0,2
BRDA:11,3,1,2
BRDA:18,4,0,2
BRDA:18,4,1,22
BRDA:26,5,0,0
BRDA:26,5,1,5
BRDA:42,6,0,0
BRDA:42,6,1,3
BRF:14
BRH:12
end_of_record
TN:
SF:/Users/mayank/code/github/parking-lot/services/parking-admin.js
FN:8,(anonymous_0)
FN:35,(anonymous_1)
FNF:2
FNH:2
FNDA:3,(anonymous_0)
FNDA:1,(anonymous_1)
DA:9,3
DA:11,3
DA:12,3
DA:13,3
DA:15,2
DA:16,2
DA:17,2
DA:18,2
DA:19,5
DA:20,5
DA:25,1
DA:26,1
DA:29,2
DA:30,2
DA:36,1
DA:38,1
DA:42,1
DA:43,1
DA:44,3
DA:45,3
DA:46,0
DA:50,1
DA:52,1
DA:53,0
DA:57,0
DA:58,0
DA:62,1
LF:27
LH:23
BRDA:15,0,0,2
BRDA:15,0,1,0
BRDA:17,1,0,2
BRDA:17,1,1,0
BRDA:45,2,0,0
BRDA:45,2,1,3
BRDA:52,3,0,0
BRDA:52,3,1,1
BRF:8
BRH:4
end_of_record
TN:
SF:/Users/mayank/code/github/parking-lot/services/parking-manager.js
FN:8,(anonymous_0)
FN:32,(anonymous_1)
FN:85,(anonymous_2)
FNF:3
FNH:3
FNDA:2,(anonymous_0)
FNDA:2,(anonymous_1)
FNDA:1,(anonymous_2)
DA:9,2
DA:17,2
DA:19,2
DA:20,1
DA:21,1
DA:24,2
DA:25,1
DA:26,1
DA:29,2
DA:33,2
DA:37,2
DA:38,2
DA:39,1
DA:42,1
DA:43,1
DA:46,2
DA:47,2
DA:49,2
DA:65,2
DA:66,2
DA:70,2
DA:71,2
DA:73,2
DA:74,2
DA:77,0
DA:81,0
DA:86,1
DA:90,1
DA:91,1
DA:94,1
DA:115,1
DA:116,1
DA:129,1
DA:132,0
LF:34
LH:31
BRDA:19,0,0,1
BRDA:19,0,1,1
BRDA:24,1,0,1
BRDA:24,1,1,1
BRDA:38,2,0,1
BRDA:38,2,1,1
BRDA:65,3,0,2
BRDA:65,3,1,0
BRDA:90,4,0,1
BRDA:90,4,1,0
BRDA:115,5,0,1
BRDA:115,5,1,0
BRF:12
BRH:9
end_of_record
