TN:
SF:/Users/mayank/code/github/parking-lot/config/db.js
FNF:0
FNH:0
DA:1,2
LF:1
LH:1
BRDA:18,0,0,2
BRDA:18,0,1,0
BRF:2
BRH:1
end_of_record
TN:
SF:/Users/mayank/code/github/parking-lot/models/db.js
FN:5,(anonymous_0)
FN:12,(anonymous_1)
FN:16,(anonymous_2)
FN:20,(anonymous_3)
FN:24,(anonymous_4)
FN:28,(anonymous_5)
FN:31,(anonymous_6)
FN:37,(anonymous_7)
FN:57,(anonymous_8)
FN:61,(anonymous_9)
FN:67,(anonymous_10)
FN:74,(anonymous_11)
FNF:12
FNH:12
FNDA:25,(anonymous_0)
FNDA:7,(anonymous_1)
FNDA:4,(anonymous_2)
FNDA:3,(anonymous_3)
FNDA:28,(anonymous_4)
FNDA:7,(anonymous_5)
FNDA:2,(anonymous_6)
FNDA:9,(anonymous_7)
FNDA:8,(anonymous_8)
FNDA:10,(anonymous_9)
FNDA:15,(anonymous_10)
FNDA:4,(anonymous_11)
DA:6,25
DA:9,25
DA:13,7
DA:17,4
DA:21,3
DA:25,28
DA:29,7
DA:32,2
DA:33,2
DA:34,2
DA:38,9
DA:39,9
DA:40,9
DA:41,9
DA:42,1
DA:45,8
DA:48,9
DA:49,9
DA:50,9
DA:51,9
DA:52,9
DA:54,9
DA:58,8
DA:62,10
DA:63,10
DA:64,10
DA:68,15
DA:69,15
DA:70,15
DA:71,13
DA:75,4
LF:31
LH:31
BRDA:34,0,0,1
BRDA:34,0,1,1
BRDA:41,1,0,1
BRDA:41,1,1,8
BRF:4
BRH:4
end_of_record
TN:
SF:/Users/mayank/code/github/parking-lot/models/parking-lot.js
FN:14,(anonymous_0)
FNF:1
FNH:1
FNDA:5,(anonymous_0)
DA:15,5
DA:16,5
DA:20,2
LF:3
LH:3
BRF:0
BRH:0
end_of_record
TN:
SF:/Users/mayank/code/github/parking-lot/models/parking-slot.js
FN:22,(anonymous_0)
FN:33,(anonymous_1)
FN:37,(anonymous_2)
FN:41,(anonymous_3)
FN:45,(anonymous_4)
FNF:5
FNH:5
FNDA:11,(anonymous_0)
FNDA:8,(anonymous_1)
FNDA:3,(anonymous_2)
FNDA:3,(anonymous_3)
FNDA:3,(anonymous_4)
DA:7,2
DA:23,11
DA:25,11
DA:26,11
DA:27,11
DA:28,11
DA:29,11
DA:30,11
DA:34,8
DA:38,3
DA:42,3
DA:46,3
DA:51,2
LF:13
LH:13
BRF:0
BRH:0
end_of_record
TN:
SF:/Users/mayank/code/github/parking-lot/models/ticket.js
FN:19,(anonymous_0)
FN:33,(anonymous_1)
FNF:2
FNH:2
FNDA:2,(anonymous_0)
FNDA:4,(anonymous_1)
DA:3,1
DA:20,2
DA:22,2
DA:23,2
DA:25,2
DA:26,2
DA:28,2
DA:29,2
DA:30,2
DA:34,4
DA:39,1
LF:11
LH:11
BRDA:22,0,0,2
BRDA:22,0,1,0
BRDA:25,1,0,2
BRDA:25,1,1,0
BRF:4
BRH:2
end_of_record
TN:
SF:/Users/mayank/code/github/parking-lot/models/vehicle.js
FN:13,(anonymous_0)
FN:21,(anonymous_1)
FN:25,(anonymous_2)
FNF:3
FNH:3
FNDA:7,(anonymous_0)
FNDA:1,(anonymous_1)
FNDA:1,(anonymous_2)
DA:14,7
DA:16,7
DA:17,7
DA:18,7
DA:22,1
DA:26,1
DA:31,2
LF:7
LH:7
BRF:0
BRH:0
end_of_record
TN:
SF:/Users/mayank/code/github/parking-lot/services/database.js
FN:7,(anonymous_0)
FN:11,(anonymous_1)
FN:12,(anonymous_2)
FN:13,(anonymous_3)
FN:19,(anonymous_4)
FN:20,(anonymous_5)
FN:21,(anonymous_6)
FN:27,(anonymous_7)
FN:28,(anonymous_8)
FN:29,(anonymous_9)
FN:35,(anonymous_10)
FN:36,(anonymous_11)
FN:37,(anonymous_12)
FN:43,(anonymous_13)
FNF:14
FNH:14
FNDA:2,(anonymous_0)
FNDA:51,(anonymous_1)
FNDA:51,(anonymous_2)
FNDA:51,(anonymous_3)
FNDA:7,(anonymous_4)
FNDA:7,(anonymous_5)
FNDA:7,(anonymous_6)
FNDA:3,(anonymous_7)
FNDA:3,(anonymous_8)
FNDA:3,(anonymous_9)
FNDA:4,(anonymous_10)
FNDA:4,(anonymous_11)
FNDA:4,(anonymous_12)
FNDA:2,(anonymous_13)
DA:8,2
DA:12,51
DA:13,51
DA:14,51
DA:20,7
DA:21,7
DA:22,7
DA:28,3
DA:29,3
DA:30,3
DA:36,4
DA:37,4
DA:38,4
DA:44,2
DA:45,2
DA:46,18
DA:47,16
LF:17
LH:17
BRDA:14,0,0,2
BRDA:14,0,1,49
BRDA:22,1,0,0
BRDA:22,1,1,7
BRDA:38,2,0,0
BRDA:38,2,1,4
BRDA:46,3,0,16
BRDA:46,3,1,2
BRF:8
BRH:6
end_of_record
TN:
SF:/Users/mayank/code/github/parking-lot/services/parking-admin.js
FN:8,(anonymous_0)
FN:34,(anonymous_1)
FNF:2
FNH:2
FNDA:4,(anonymous_0)
FNDA:2,(anonymous_1)
DA:9,4
DA:11,4
DA:12,4
DA:13,4
DA:15,3
DA:16,3
DA:17,3
DA:18,3
DA:19,6
DA:20,6
DA:25,2
DA:26,2
DA:29,2
DA:30,2
DA:35,2
DA:37,2
DA:38,1
DA:41,1
DA:45,1
DA:46,1
DA:48,1
DA:50,3
DA:51,3
DA:52,1
DA:55,3
DA:61,1
DA:63,1
DA:64,1
DA:68,1
DA:69,1
DA:71,1
DA:72,1
DA:76,1
LF:33
LH:33
BRDA:15,0,0,3
BRDA:15,0,1,0
BRDA:17,1,0,3
BRDA:17,1,1,0
BRDA:37,2,0,1
BRDA:37,2,1,1
BRDA:51,3,0,1
BRDA:51,3,1,2
BRDA:63,4,0,1
BRDA:63,4,1,0
BRF:10
BRH:7
end_of_record
TN:
SF:/Users/mayank/code/github/parking-lot/services/parking-manager.js
FN:8,(anonymous_0)
FN:43,(anonymous_1)
FN:100,(anonymous_2)
FNF:3
FNH:3
FNDA:2,(anonymous_0)
FNDA:3,(anonymous_1)
FNDA:2,(anonymous_2)
DA:9,2
DA:18,2
DA:20,2
DA:21,1
DA:22,1
DA:25,2
DA:26,1
DA:27,1
DA:30,2
DA:31,2
DA:32,2
DA:33,2
DA:40,2
DA:44,3
DA:48,3
DA:49,3
DA:50,1
DA:53,2
DA:54,2
DA:57,3
DA:58,3
DA:60,3
DA:76,3
DA:77,2
DA:81,2
DA:82,2
DA:84,2
DA:85,2
DA:91,1
DA:95,1
DA:96,1
DA:101,2
DA:105,2
DA:106,2
DA:109,2
DA:130,2
DA:131,1
DA:144,1
DA:147,1
LF:39
LH:39
BRDA:20,0,0,1
BRDA:20,0,1,1
BRDA:25,1,0,1
BRDA:25,1,1,1
BRDA:49,2,0,1
BRDA:49,2,1,2
BRDA:76,3,0,2
BRDA:76,3,1,1
BRDA:105,4,0,2
BRDA:105,4,1,0
BRDA:130,5,0,1
BRDA:130,5,1,1
BRF:12
BRH:11
end_of_record
